<?xml version="1.0" encoding="UTF-8"?>
<!-- Generated by org.testng.reporters.JUnitXMLReporter -->
<testsuite hostname="LAPTOP-7S7K48R8" name="Test(failed)(failed)" tests="1" failures="1" timestamp="7 May 2020 19:35:05 GMT" time="0.036" errors="0">
  <testcase name="tc004" time="0.006" classname="testing.C">
    <failure type="java.lang.AssertionError" message="[ERROR ] TestCase assertion is failed expected [Helo] but found [Hello]">
      <![CDATA[java.lang.AssertionError: [ERROR ] TestCase assertion is failed expected [Helo] but found [Hello]
	at testing.C.tc004(C.java:24)
... Removed 30 stack frames]]>
    </failure>
  </testcase> <!-- tc004 -->
</testsuite> <!-- Test(failed)(failed) -->
